[2026-03-11T20:36:21.992Z] createIncomingDocument error: error: column "created_at" of relation "document_files" does not exist
    at /Users/vanbui/Downloads/KLTN_DMS/backend/node_modules/pg-pool/index.js:45:11
    at process.processTicksAndRejections (node:internal/process/task_queues:105:5)
    at async createIncomingDocument (/Users/vanbui/Downloads/KLTN_DMS/backend/controllers/incomingDocumentController.js:355:17)
[2026-03-11T20:37:18.131Z] createIncomingDocument error: error: column "created_at" of relation "document_files" does not exist
    at /Users/vanbui/Downloads/KLTN_DMS/backend/node_modules/pg-pool/index.js:45:11
    at process.processTicksAndRejections (node:internal/process/task_queues:105:5)
    at async createIncomingDocument (/Users/vanbui/Downloads/KLTN_DMS/backend/controllers/incomingDocumentController.js:355:17)
[2026-03-11T20:37:25.109Z] createIncomingDocument error: error: column "created_at" of relation "document_files" does not exist
    at /Users/vanbui/Downloads/KLTN_DMS/backend/node_modules/pg-pool/index.js:45:11
    at process.processTicksAndRejections (node:internal/process/task_queues:105:5)
    at async createIncomingDocument (/Users/vanbui/Downloads/KLTN_DMS/backend/controllers/incomingDocumentController.js:355:17)
[2026-03-11T20:38:04.487Z] createIncomingDocument error: error: column "created_at" of relation "document_files" does not exist
    at /Users/vanbui/Downloads/KLTN_DMS/backend/node_modules/pg-pool/index.js:45:11
    at process.processTicksAndRejections (node:internal/process/task_queues:105:5)
    at async createIncomingDocument (/Users/vanbui/Downloads/KLTN_DMS/backend/controllers/incomingDocumentController.js:355:17)
[2026-03-15T04:52:15.738Z] createIncomingDocument error: error: there is no unique or exclusion constraint matching the ON CONFLICT specification
    at /Users/vanbui/Downloads/KLTN_DMS/backend/node_modules/pg-pool/index.js:45:11
    at process.processTicksAndRejections (node:internal/process/task_queues:105:5)
    at async createIncomingDocument (/Users/vanbui/Downloads/KLTN_DMS/backend/controllers/incomingDocumentController.js:341:13)
